# JRE version: Java(TM) SE Runtime Environment (7.0_79-b15) (build 1.7.0_79-b15)
# Java VM: Java HotSpot(TM) 64-Bit Server VM (24.79-b02 mixed mode linux-amd64 compressed oops)
Heap
 def new generation   total 14336K, used 1633K [0x00000006d1600000, 0x00000006d2580000, 0x00000006d6930000)
  eden space 12800K,   4% used [0x00000006d1600000, 0x00000006d168e030, 0x00000006d2280000)
  from space 1536K,  69% used [0x00000006d2400000, 0x00000006d250a3e0, 0x00000006d2580000)
  to   space 1536K,   0% used [0x00000006d2280000, 0x00000006d2280000, 0x00000006d2400000)
 concurrent mark-sweep generation total 678720K, used 638675K [0x00000006d6930000, 0x0000000700000000, 0x0000000700000000)
 concurrent-mark-sweep perm gen total 209980K, used 167282K [0x0000000700000000, 0x000000070cd0f000, 0x0000000800000000)
GC Heap History (10 events):
Event: 9229.236 GC heap before
{Heap before GC invocations=1136 (full 10):
 def new generation   total 14336K, used 13892K [0x00000006d1600000, 0x00000006d2580000, 0x00000006d6930000)
  eden space 12800K, 100% used [0x00000006d1600000, 0x00000006d2280000, 0x00000006d2280000)
  from space 1536K,  71% used [0x00000006d2280000, 0x00000006d2391108, 0x00000006d2400000)
  to   space 1536K,   0% used [0x00000006d2400000, 0x00000006d2400000, 0x00000006d2580000)
 concurrent mark-sweep generation total 678720K, used 637238K [0x00000006d6930000, 0x0000000700000000, 0x0000000700000000)
 concurrent-mark-sweep perm gen total 209980K, used 166601K [0x0000000700000000, 0x000000070cd0f000, 0x0000000800000000)
Event: 9229.262 GC heap after
Heap after GC invocations=1137 (full 10):
 def new generation   total 14336K, used 1054K [0x00000006d1600000, 0x00000006d2580000, 0x00000006d6930000)
  eden space 12800K,   0% used [0x00000006d1600000, 0x00000006d1600000, 0x00000006d2280000)
  from space 1536K,  68% used [0x00000006d2400000, 0x00000006d2507910, 0x00000006d2580000)
  to   space 1536K,   0% used [0x00000006d2280000, 0x00000006d2280000, 0x00000006d2400000)
 concurrent mark-sweep generation total 678720K, used 638223K [0x00000006d6930000, 0x0000000700000000, 0x0000000700000000)
 concurrent-mark-sweep perm gen total 209980K, used 166601K [0x0000000700000000, 0x000000070cd0f000, 0x0000000800000000)
}
Event: 9229.514 GC heap before
{Heap before GC invocations=1137 (full 10):
 def new generation   total 14336K, used 13854K [0x00000006d1600000, 0x00000006d2580000, 0x00000006d6930000)
  eden space 12800K, 100% used [0x00000006d1600000, 0x00000006d2280000, 0x00000006d2280000)
  from space 1536K,  68% used [0x00000006d2400000, 0x00000006d2507910, 0x00000006d2580000)
  to   space 1536K,   0% used [0x00000006d2280000, 0x00000006d2280000, 0x00000006d2400000)
 concurrent mark-sweep generation total 678720K, used 638223K [0x00000006d6930000, 0x0000000700000000, 0x0000000700000000)
 concurrent-mark-sweep perm gen total 209980K, used 166790K [0x0000000700000000, 0x000000070cd0f000, 0x0000000800000000)
Event: 9229.540 GC heap after
Heap after GC invocations=1138 (full 10):
 def new generation   total 14336K, used 1051K [0x00000006d1600000, 0x00000006d2580000, 0x00000006d6930000)
  eden space 12800K,   0% used [0x00000006d1600000, 0x00000006d1600000, 0x00000006d2280000)
  from space 1536K,  68% used [0x00000006d2280000, 0x00000006d2386ea8, 0x00000006d2400000)
  to   space 1536K,   0% used [0x00000006d2400000, 0x00000006d2400000, 0x00000006d2580000)
 concurrent mark-sweep generation total 678720K, used 639210K [0x00000006d6930000, 0x0000000700000000, 0x0000000700000000)
 concurrent-mark-sweep perm gen total 209980K, used 166790K [0x0000000700000000, 0x000000070cd0f000, 0x0000000800000000)
}
Event: 9229.840 GC heap before
{Heap before GC invocations=1138 (full 10):
 def new generation   total 14336K, used 13851K [0x00000006d1600000, 0x00000006d2580000, 0x00000006d6930000)
  eden space 12800K, 100% used [0x00000006d1600000, 0x00000006d2280000, 0x00000006d2280000)
  from space 1536K,  68% used [0x00000006d2280000, 0x00000006d2386ea8, 0x00000006d2400000)
  to   space 1536K,   0% used [0x00000006d2400000, 0x00000006d2400000, 0x00000006d2580000)
 concurrent mark-sweep generation total 678720K, used 639210K [0x00000006d6930000, 0x0000000700000000, 0x0000000700000000)
 concurrent-mark-sweep perm gen total 209980K, used 166901K [0x0000000700000000, 0x000000070cd0f000, 0x0000000800000000)
Event: 9230.010 GC heap after
Heap after GC invocations=1139 (full 10):
 def new generation   total 14336K, used 566K [0x00000006d1600000, 0x00000006d2580000, 0x00000006d6930000)
  eden space 12800K,   0% used [0x00000006d1600000, 0x00000006d1600000, 0x00000006d2280000)
  from space 1536K,  36% used [0x00000006d2400000, 0x00000006d248d9c8, 0x00000006d2580000)
  to   space 1536K,   0% used [0x00000006d2280000, 0x00000006d2280000, 0x00000006d2400000)
 concurrent mark-sweep generation total 678720K, used 640197K [0x00000006d6930000, 0x0000000700000000, 0x0000000700000000)
 concurrent-mark-sweep perm gen total 209980K, used 166901K [0x0000000700000000, 0x000000070cd0f000, 0x0000000800000000)
}
Event: 9230.525 GC heap before
{Heap before GC invocations=1139 (full 10):
 def new generation   total 14336K, used 13366K [0x00000006d1600000, 0x00000006d2580000, 0x00000006d6930000)
  eden space 12800K, 100% used [0x00000006d1600000, 0x00000006d2280000, 0x00000006d2280000)
  from space 1536K,  36% used [0x00000006d2400000, 0x00000006d248d9c8, 0x00000006d2580000)
  to   space 1536K,   0% used [0x00000006d2280000, 0x00000006d2280000, 0x00000006d2400000)
 concurrent mark-sweep generation total 678720K, used 640197K [0x00000006d6930000, 0x0000000700000000, 0x0000000700000000)
 concurrent-mark-sweep perm gen total 209980K, used 167090K [0x0000000700000000, 0x000000070cd0f000, 0x0000000800000000)
Event: 9230.589 GC heap after
Heap after GC invocations=1140 (full 10):
 def new generation   total 14336K, used 1535K [0x00000006d1600000, 0x00000006d2580000, 0x00000006d6930000)
  eden space 12800K,   0% used [0x00000006d1600000, 0x00000006d1600000, 0x00000006d2280000)
  from space 1536K,  99% used [0x00000006d2280000, 0x00000006d23ffff8, 0x00000006d2400000)
  to   space 1536K,   0% used [0x00000006d2400000, 0x00000006d2400000, 0x00000006d2580000)
 concurrent mark-sweep generation total 678720K, used 640268K [0x00000006d6930000, 0x0000000700000000, 0x0000000700000000)
 concurrent-mark-sweep perm gen total 209980K, used 167090K [0x0000000700000000, 0x000000070cd0f000, 0x0000000800000000)
}
Event: 9231.215 GC heap before
{Heap before GC invocations=1140 (full 10):
 def new generation   total 14336K, used 14335K [0x00000006d1600000, 0x00000006d2580000, 0x00000006d6930000)
  eden space 12800K, 100% used [0x00000006d1600000, 0x00000006d2280000, 0x00000006d2280000)
  from space 1536K,  99% used [0x00000006d2280000, 0x00000006d23ffff8, 0x00000006d2400000)
  to   space 1536K,   0% used [0x00000006d2400000, 0x00000006d2400000, 0x00000006d2580000)
 concurrent mark-sweep generation total 678720K, used 637138K [0x00000006d6930000, 0x0000000700000000, 0x0000000700000000)
 concurrent-mark-sweep perm gen total 209980K, used 167282K [0x0000000700000000, 0x000000070cd0f000, 0x0000000800000000)
Event: 9231.244 GC heap after
Heap after GC invocations=1141 (full 10):
 def new generation   total 14336K, used 1064K [0x00000006d1600000, 0x00000006d2580000, 0x00000006d6930000)
  eden space 12800K,   0% used [0x00000006d1600000, 0x00000006d1600000, 0x00000006d2280000)
  from space 1536K,  69% used [0x00000006d2400000, 0x00000006d250a3e0, 0x00000006d2580000)
  to   space 1536K,   0% used [0x00000006d2280000, 0x00000006d2280000, 0x00000006d2400000)
 concurrent mark-sweep generation total 678720K, used 638675K [0x00000006d6930000, 0x0000000700000000, 0x0000000700000000)
 concurrent-mark-sweep perm gen total 209980K, used 167282K [0x0000000700000000, 0x000000070cd0f000, 0x0000000800000000)
}

